{
  "RSpec": {
    "coverage": {
      "/home/badly/workspace/MMPI-Front/lib/appservices.rb": [
        1,
        1,
        1,
        null,
        1,
        null,
        1,
        2,
        null,
        null,
        1,
        1,
        1,
        1,
        9,
        9,
        9,
        9,
        9,
        0,
        null,
        9,
        9,
        null,
        null,
        null,
        1,
        8,
        1,
        null,
        7,
        null,
        null,
        null,
        1,
        6,
        6,
        6,
        6,
        null,
        null,
        1,
        1,
        1,
        null,
        null,
        1,
        1,
        1,
        1,
        1,
        null,
        null,
        1,
        2,
        null,
        null,
        1,
        null,
        1,
        2,
        null,
        null,
        1,
        6,
        6,
        6,
        null,
        null
      ],
      "/home/badly/workspace/MMPI-Front/lib/cache.rb": [
        1,
        1,
        null,
        1,
        1,
        19,
        19,
        null,
        1,
        3,
        null,
        null,
        1,
        14,
        null,
        1,
        14,
        null,
        null,
        1,
        null,
        1,
        50,
        null,
        null,
        null
      ],
      "/home/badly/workspace/MMPI-Front/spec/cache_spec.rb": [
        1,
        1,
        1,
        null,
        1,
        1,
        0,
        null,
        null,
        null,
        1,
        1,
        6,
        6,
        5,
        6,
        1,
        2,
        2,
        2,
        null,
        null,
        1,
        2,
        2,
        2,
        null,
        1,
        2,
        2,
        1,
        1,
        null,
        null,
        1,
        3,
        1,
        2,
        2,
        null,
        1,
        2,
        null,
        null,
        null
      ],
      "/home/badly/workspace/MMPI-Front/spec/features/mmpi_test_spec.rb": [
        1,
        1,
        1,
        1,
        1,
        null,
        1,
        null,
        1,
        3,
        1,
        1,
        1,
        null,
        1,
        1,
        1,
        1,
        1,
        1,
        1,
        1,
        null,
        null
      ],
      "/home/badly/workspace/MMPI-Front/mmpi-main.rb": [
        1,
        1,
        1,
        1,
        1,
        1,
        1,
        1,
        1,
        null,
        1,
        1,
        1,
        null,
        null,
        null,
        null,
        1,
        1,
        1,
        null,
        null,
        1,
        4,
        4,
        4,
        4,
        null,
        null,
        null,
        1,
        2,
        2,
        null,
        null,
        1,
        1,
        1,
        null,
        1,
        1,
        null,
        null,
        null,
        null,
        1,
        1,
        1,
        0,
        0,
        null,
        1,
        null,
        null,
        null,
        1,
        0,
        0,
        0,
        0,
        0,
        null,
        null,
        1,
        0,
        null,
        0,
        0,
        0,
        null,
        null,
        1,
        1,
        null,
        null
      ],
      "/home/badly/workspace/MMPI-Front/lib/consts.rb": [
        1,
        58,
        1,
        null,
        null,
        1,
        null,
        null
      ]
    },
    "timestamp": 1522644063
  }
}
