{
  "RSpec": {
    "coverage": {
      "/home/badly/workspace/MMPI-Front/lib/appservices.rb": [
        1,
        1,
        1,
        null,
        1,
        null,
        1,
        0,
        null,
        null,
        1,
        1,
        1,
        null,
        1,
        8,
        8,
        8,
        8,
        0,
        null,
        8,
        8,
        null,
        null,
        null,
        1,
        7,
        1,
        null,
        6,
        null,
        null,
        null,
        1,
        6,
        6,
        6,
        6,
        null,
        null,
        1,
        1,
        1,
        null,
        null,
        1,
        1,
        1,
        1,
        null,
        null,
        1,
        2,
        null,
        null,
        1,
        null,
        1,
        2,
        null,
        null
      ],
      "/home/badly/workspace/MMPI-Front/lib/cache.rb": [
        1,
        1,
        null,
        1,
        1,
        18,
        18,
        null,
        1,
        3,
        null,
        null,
        1,
        13,
        null,
        1,
        14,
        null,
        null,
        1,
        null,
        1,
        48,
        null,
        null,
        null
      ],
      "/home/badly/workspace/MMPI-Front/spec/cache_spec.rb": [
        1,
        1,
        1,
        null,
        1,
        1,
        0,
        null,
        null,
        null,
        1,
        1,
        6,
        6,
        5,
        6,
        1,
        2,
        2,
        2,
        null,
        null,
        1,
        2,
        2,
        2,
        null,
        1,
        2,
        2,
        1,
        1,
        null,
        null,
        1,
        3,
        1,
        2,
        2,
        null,
        1,
        2,
        null,
        null,
        null
      ]
    },
    "timestamp": 1518083012
  }
}
